2025-07-02 13:28:22 [http-nio-8080-exec-1] INFO  o.a.c.c.C.[Tomcat].[localhost].[/] - Initializing Spring DispatcherServlet 'dispatcherServlet'
2025-07-02 13:28:22 [http-nio-8080-exec-1] INFO  o.s.web.servlet.DispatcherServlet - Initializing Servlet 'dispatcherServlet'
2025-07-02 13:28:22 [http-nio-8080-exec-1] DEBUG o.s.web.servlet.DispatcherServlet - Detected StandardServletMultipartResolver
2025-07-02 13:28:22 [http-nio-8080-exec-1] DEBUG o.s.web.servlet.DispatcherServlet - Detected AcceptHeaderLocaleResolver
2025-07-02 13:28:22 [http-nio-8080-exec-1] DEBUG o.s.web.servlet.DispatcherServlet - Detected FixedThemeResolver
2025-07-02 13:28:22 [http-nio-8080-exec-1] DEBUG o.s.web.servlet.DispatcherServlet - Detected org.springframework.web.servlet.view.DefaultRequestToViewNameTranslator@4b9a1be5
2025-07-02 13:28:22 [http-nio-8080-exec-1] DEBUG o.s.web.servlet.DispatcherServlet - Detected org.springframework.web.servlet.support.SessionFlashMapManager@198a653
2025-07-02 13:28:22 [http-nio-8080-exec-1] DEBUG o.s.web.servlet.DispatcherServlet - enableLoggingRequestDetails='false': request parameters and headers will be masked to prevent unsafe logging of potentially sensitive data
2025-07-02 13:28:22 [http-nio-8080-exec-1] INFO  o.s.web.servlet.DispatcherServlet - Completed initialization in 2 ms
2025-07-02 13:28:22 [http-nio-8080-exec-1] DEBUG o.s.web.servlet.DispatcherServlet - POST "/api/auth/login", parameters={}
2025-07-02 13:28:22 [http-nio-8080-exec-1] DEBUG o.s.w.s.m.m.a.RequestMappingHandlerMapping - Mapped to com.example.Project.api.AuthApi#login(Map)
2025-07-02 13:28:23 [http-nio-8080-exec-1] DEBUG o.s.w.s.m.m.a.RequestResponseBodyMethodProcessor - Read "application/json;charset=UTF-8" to [{email=shahriarzaman2001@gmail.com, password=Shahriar1234@}]
2025-07-02 13:28:23 [http-nio-8080-exec-1] INFO  c.e.Project.aspect.LoggingAspect - User: anonymousUser, Accessed Method: AuthApi.login(..), Timestamp: 2025-07-02T13:28:23.1183672
2025-07-02 13:28:23 [http-nio-8080-exec-1] INFO  c.e.Project.aspect.LoggingAspect - User: anonymousUser, Accessed Method: EmployeeService.login(..), Timestamp: 2025-07-02T13:28:23.119364
2025-07-02 13:28:23 [http-nio-8080-exec-1] INFO  c.e.Project.aspect.LoggingAspect - User: anonymousUser, Accessed Method: EmployeeRepository.findByEmail(..), Timestamp: 2025-07-02T13:28:23.1203471
2025-07-02 13:28:23 [http-nio-8080-exec-1] DEBUG o.s.w.s.m.m.a.HttpEntityMethodProcessor - Using 'application/json', given [*/*] and supported [application/json, application/*+json]
2025-07-02 13:28:23 [http-nio-8080-exec-1] DEBUG o.s.w.s.m.m.a.HttpEntityMethodProcessor - Writing [{access_token=eyJhbGciOiJIUzUxMiJ9.eyJyb2xlIjoiQURNSU4iLCJuYW1lIjoiU2hhaHJpYXIiLCJpZCI6MSwiam9iX3Rpd (truncated)...]
2025-07-02 13:28:23 [http-nio-8080-exec-1] DEBUG o.s.web.servlet.DispatcherServlet - Completed 200 OK
2025-07-02 13:29:14 [http-nio-8080-exec-3] DEBUG o.s.web.servlet.DispatcherServlet - POST "/api/employee/registration", parameters={}
2025-07-02 13:29:14 [http-nio-8080-exec-3] DEBUG o.s.w.s.m.m.a.RequestMappingHandlerMapping - Mapped to com.example.Project.api.EmployeeApi#registerEmployee(Employee)
2025-07-02 13:29:14 [http-nio-8080-exec-3] DEBUG o.s.w.s.m.m.a.RequestResponseBodyMethodProcessor - Read "application/json;charset=UTF-8" to [com.example.Project.entity.Employee@3b4c3d77]
2025-07-02 13:29:14 [http-nio-8080-exec-3] INFO  c.e.Project.aspect.LoggingAspect - User: anonymousUser, Accessed Method: EmployeeApi.registerEmployee(..), Timestamp: 2025-07-02T13:29:14.8755226
2025-07-02 13:29:14 [http-nio-8080-exec-3] INFO  c.e.Project.aspect.LoggingAspect - User: anonymousUser, Accessed Method: EmployeeService.saveEmployee(..), Timestamp: 2025-07-02T13:29:14.8755226
2025-07-02 13:29:15 [http-nio-8080-exec-3] INFO  c.e.Project.aspect.LoggingAspect - User: anonymousUser, Accessed Method: EmployeeRepository.saveEmployee(..), Timestamp: 2025-07-02T13:29:15.1287956
2025-07-02 13:29:15 [http-nio-8080-exec-3] INFO  c.e.Project.aspect.LoggingAspect - User: anonymousUser, Accessed Method: MailerService.sendOtpEmail(..), Timestamp: 2025-07-02T13:29:15.1922748
2025-07-02 13:29:21 [http-nio-8080-exec-3] DEBUG o.s.w.s.m.m.a.HttpEntityMethodProcessor - Using 'text/plain', given [*/*] and supported [text/plain, */*, application/json, application/*+json]
2025-07-02 13:29:21 [http-nio-8080-exec-3] DEBUG o.s.w.s.m.m.a.HttpEntityMethodProcessor - Writing ["OTP sent to your email. Please verify to complete registration."]
2025-07-02 13:29:21 [http-nio-8080-exec-3] DEBUG o.s.web.servlet.DispatcherServlet - Completed 200 OK
2025-07-02 13:29:34 [http-nio-8080-exec-4] DEBUG o.s.web.servlet.DispatcherServlet - POST "/api/employee/registration", parameters={}
2025-07-02 13:29:34 [http-nio-8080-exec-4] DEBUG o.s.w.s.m.m.a.RequestMappingHandlerMapping - Mapped to com.example.Project.api.EmployeeApi#registerEmployee(Employee)
2025-07-02 13:29:34 [http-nio-8080-exec-4] DEBUG o.s.w.s.m.m.a.RequestResponseBodyMethodProcessor - Read "application/json;charset=UTF-8" to [com.example.Project.entity.Employee@78ade5a3]
2025-07-02 13:29:34 [http-nio-8080-exec-4] INFO  c.e.Project.aspect.LoggingAspect - User: anonymousUser, Accessed Method: EmployeeApi.registerEmployee(..), Timestamp: 2025-07-02T13:29:34.7693207
2025-07-02 13:29:34 [http-nio-8080-exec-4] INFO  c.e.Project.aspect.LoggingAspect - User: anonymousUser, Accessed Method: EmployeeService.saveEmployee(..), Timestamp: 2025-07-02T13:29:34.7693207
2025-07-02 13:29:35 [http-nio-8080-exec-4] INFO  c.e.Project.aspect.LoggingAspect - User: anonymousUser, Accessed Method: EmployeeRepository.saveEmployee(..), Timestamp: 2025-07-02T13:29:35.0189914
2025-07-02 13:29:35 [http-nio-8080-exec-4] INFO  c.e.Project.aspect.LoggingAspect - User: anonymousUser, Accessed Method: MailerService.sendOtpEmail(..), Timestamp: 2025-07-02T13:29:35.0240745
2025-07-02 13:29:39 [http-nio-8080-exec-4] DEBUG o.s.w.s.m.m.a.HttpEntityMethodProcessor - Using 'text/plain', given [*/*] and supported [text/plain, */*, application/json, application/*+json]
2025-07-02 13:29:39 [http-nio-8080-exec-4] DEBUG o.s.w.s.m.m.a.HttpEntityMethodProcessor - Writing ["OTP sent to your email. Please verify to complete registration."]
2025-07-02 13:29:39 [http-nio-8080-exec-4] DEBUG o.s.web.servlet.DispatcherServlet - Completed 200 OK
2025-07-02 13:30:51 [http-nio-8080-exec-7] DEBUG o.s.web.servlet.DispatcherServlet - POST "/api/employee/verify-email", parameters={}
2025-07-02 13:30:51 [http-nio-8080-exec-7] DEBUG o.s.w.s.m.m.a.RequestMappingHandlerMapping - Mapped to com.example.Project.api.EmployeeApi#verifyEmail(Map)
2025-07-02 13:30:51 [http-nio-8080-exec-7] DEBUG o.s.w.s.m.m.a.RequestResponseBodyMethodProcessor - Read "application/json;charset=UTF-8" to [{email=shahriarzaman146rifti@gmail.com, otp=102158}]
2025-07-02 13:30:51 [http-nio-8080-exec-7] INFO  c.e.Project.aspect.LoggingAspect - User: anonymousUser, Accessed Method: EmployeeApi.verifyEmail(..), Timestamp: 2025-07-02T13:30:51.1039862
2025-07-02 13:30:51 [http-nio-8080-exec-7] INFO  c.e.Project.aspect.LoggingAspect - User: anonymousUser, Accessed Method: EmployeeService.verifyEmail(..), Timestamp: 2025-07-02T13:30:51.1049793
2025-07-02 13:30:51 [http-nio-8080-exec-7] INFO  c.e.Project.aspect.LoggingAspect - User: anonymousUser, Accessed Method: EmployeeRepository.findByEmail(..), Timestamp: 2025-07-02T13:30:51.1049793
2025-07-02 13:30:51 [http-nio-8080-exec-7] DEBUG o.s.w.s.m.m.a.HttpEntityMethodProcessor - Using 'text/plain', given [*/*] and supported [text/plain, */*, application/json, application/*+json]
2025-07-02 13:30:51 [http-nio-8080-exec-7] DEBUG o.s.w.s.m.m.a.HttpEntityMethodProcessor - Writing ["Failed to verify email: Error verifying email: Incorrect OTP."]
2025-07-02 13:30:51 [http-nio-8080-exec-7] DEBUG o.s.web.servlet.DispatcherServlet - Completed 500 INTERNAL_SERVER_ERROR
2025-07-02 13:30:57 [http-nio-8080-exec-9] DEBUG o.s.web.servlet.DispatcherServlet - POST "/api/employee/verify-email", parameters={}
2025-07-02 13:30:57 [http-nio-8080-exec-9] DEBUG o.s.w.s.m.m.a.RequestMappingHandlerMapping - Mapped to com.example.Project.api.EmployeeApi#verifyEmail(Map)
2025-07-02 13:30:57 [http-nio-8080-exec-9] DEBUG o.s.w.s.m.m.a.RequestResponseBodyMethodProcessor - Read "application/json;charset=UTF-8" to [{email=shahriarzaman146rifti@gmail.com, otp=783835}]
2025-07-02 13:30:57 [http-nio-8080-exec-9] INFO  c.e.Project.aspect.LoggingAspect - User: anonymousUser, Accessed Method: EmployeeApi.verifyEmail(..), Timestamp: 2025-07-02T13:30:57.4924509
2025-07-02 13:30:57 [http-nio-8080-exec-9] INFO  c.e.Project.aspect.LoggingAspect - User: anonymousUser, Accessed Method: EmployeeService.verifyEmail(..), Timestamp: 2025-07-02T13:30:57.4954337
2025-07-02 13:30:57 [http-nio-8080-exec-9] INFO  c.e.Project.aspect.LoggingAspect - User: anonymousUser, Accessed Method: EmployeeRepository.findByEmail(..), Timestamp: 2025-07-02T13:30:57.4954337
2025-07-02 13:30:57 [http-nio-8080-exec-9] INFO  c.e.Project.aspect.LoggingAspect - User: anonymousUser, Accessed Method: EmployeeRepository.updateEmployeeVerification(..), Timestamp: 2025-07-02T13:30:57.5018509
2025-07-02 13:30:57 [http-nio-8080-exec-9] DEBUG o.s.w.s.m.m.a.HttpEntityMethodProcessor - Using 'text/plain', given [*/*] and supported [text/plain, */*, application/json, application/*+json]
2025-07-02 13:30:57 [http-nio-8080-exec-9] DEBUG o.s.w.s.m.m.a.HttpEntityMethodProcessor - Writing ["Email verified successfully. Waiting for admin approval."]
2025-07-02 13:30:57 [http-nio-8080-exec-9] DEBUG o.s.web.servlet.DispatcherServlet - Completed 200 OK
2025-07-02 13:31:06 [http-nio-8080-exec-5] DEBUG o.s.web.servlet.DispatcherServlet - POST "/api/auth/login", parameters={}
2025-07-02 13:31:06 [http-nio-8080-exec-5] DEBUG o.s.w.s.m.m.a.RequestMappingHandlerMapping - Mapped to com.example.Project.api.AuthApi#login(Map)
2025-07-02 13:31:06 [http-nio-8080-exec-5] DEBUG o.s.w.s.m.m.a.RequestResponseBodyMethodProcessor - Read "application/json;charset=UTF-8" to [{email=shahriarzaman2001@gmail.com, password=Shahriar1234@}]
2025-07-02 13:31:06 [http-nio-8080-exec-5] INFO  c.e.Project.aspect.LoggingAspect - User: anonymousUser, Accessed Method: AuthApi.login(..), Timestamp: 2025-07-02T13:31:06.9820357
2025-07-02 13:31:06 [http-nio-8080-exec-5] INFO  c.e.Project.aspect.LoggingAspect - User: anonymousUser, Accessed Method: EmployeeService.login(..), Timestamp: 2025-07-02T13:31:06.9820357
2025-07-02 13:31:06 [http-nio-8080-exec-5] INFO  c.e.Project.aspect.LoggingAspect - User: anonymousUser, Accessed Method: EmployeeRepository.findByEmail(..), Timestamp: 2025-07-02T13:31:06.9820357
2025-07-02 13:31:07 [http-nio-8080-exec-5] DEBUG o.s.w.s.m.m.a.HttpEntityMethodProcessor - Using 'application/json', given [*/*] and supported [application/json, application/*+json]
2025-07-02 13:31:07 [http-nio-8080-exec-5] DEBUG o.s.w.s.m.m.a.HttpEntityMethodProcessor - Writing [{access_token=eyJhbGciOiJIUzUxMiJ9.eyJyb2xlIjoiQURNSU4iLCJuYW1lIjoiU2hhaHJpYXIiLCJpZCI6MSwiam9iX3Rpd (truncated)...]
2025-07-02 13:31:07 [http-nio-8080-exec-5] DEBUG o.s.web.servlet.DispatcherServlet - Completed 200 OK
2025-07-02 13:31:36 [http-nio-8080-exec-2] DEBUG o.s.web.servlet.DispatcherServlet - PUT "/api/admin/approveEmployee/9?jobTitle=MANAGER", parameters={masked}
2025-07-02 13:31:36 [http-nio-8080-exec-2] DEBUG o.s.w.s.m.m.a.RequestMappingHandlerMapping - Mapped to com.example.Project.api.AdminApi#approveEmployee(Long, JobTitle)
2025-07-02 13:31:36 [http-nio-8080-exec-2] INFO  c.e.Project.aspect.LoggingAspect - User: shahriarzaman2001@gmail.com, Accessed Method: AdminApi.approveEmployee(..), Timestamp: 2025-07-02T13:31:36.2844722
2025-07-02 13:31:36 [http-nio-8080-exec-2] INFO  c.e.Project.aspect.LoggingAspect - User: shahriarzaman2001@gmail.com, Accessed Method: EmployeeService.approveEmployee(..), Timestamp: 2025-07-02T13:31:36.2844722
2025-07-02 13:31:36 [http-nio-8080-exec-2] INFO  c.e.Project.aspect.LoggingAspect - User: shahriarzaman2001@gmail.com, Accessed Method: EmployeeRepository.employeeExists(..), Timestamp: 2025-07-02T13:31:36.2844722
2025-07-02 13:31:36 [http-nio-8080-exec-2] INFO  c.e.Project.aspect.LoggingAspect - User: shahriarzaman2001@gmail.com, Accessed Method: EmployeeRepository.approveEmployeeById(..), Timestamp: 2025-07-02T13:31:36.3197132
2025-07-02 13:31:36 [http-nio-8080-exec-2] INFO  c.e.Project.aspect.LoggingAspect - User: shahriarzaman2001@gmail.com, Accessed Method: EmployeeRepository.getEmployeeEmailById(..), Timestamp: 2025-07-02T13:31:36.3237117
2025-07-02 13:31:36 [http-nio-8080-exec-2] INFO  c.e.Project.aspect.LoggingAspect - User: shahriarzaman2001@gmail.com, Accessed Method: MailerService.sendNotificationEmail(..), Timestamp: 2025-07-02T13:31:36.3257146
2025-07-02 13:31:40 [http-nio-8080-exec-2] DEBUG o.s.w.s.m.m.a.HttpEntityMethodProcessor - Using 'text/plain', given [*/*] and supported [text/plain, */*, application/json, application/*+json]
2025-07-02 13:31:40 [http-nio-8080-exec-2] DEBUG o.s.w.s.m.m.a.HttpEntityMethodProcessor - Writing ["Employee with ID 9 has been approved successfully with job title: MANAGER"]
2025-07-02 13:31:40 [http-nio-8080-exec-2] DEBUG o.s.web.servlet.DispatcherServlet - Completed 200 OK
2025-07-02 13:38:04 [SpringApplicationShutdownHook] INFO  o.s.b.w.e.tomcat.GracefulShutdown - Commencing graceful shutdown. Waiting for active requests to complete
2025-07-02 13:38:04 [tomcat-shutdown] INFO  o.s.b.w.e.tomcat.GracefulShutdown - Graceful shutdown complete
2025-07-02 13:38:04 [SpringApplicationShutdownHook] INFO  o.s.o.j.LocalContainerEntityManagerFactoryBean - Closing JPA EntityManagerFactory for persistence unit 'default'
2025-07-02 13:38:04 [SpringApplicationShutdownHook] INFO  com.zaxxer.hikari.HikariDataSource - HikariPool-1 - Shutdown initiated...
2025-07-02 13:38:04 [SpringApplicationShutdownHook] INFO  com.zaxxer.hikari.HikariDataSource - HikariPool-1 - Shutdown completed.
