2025-06-24 23:42:54 [background-preinit] INFO  o.h.validator.internal.util.Version - HV000001: Hibernate Validator 8.0.2.Final
2025-06-24 23:42:54 [main] INFO  c.e.S.SuperShopEnhancedApplication - Starting SuperShopEnhancedApplication using Java 23.0.2 with PID 19088 (C:\Users\Shahriar Zaman\Desktop\IntelliJ IDEA Codes\Main_Project\assignment_2\SuperShop_Enhanced\target\classes started by Shahriar Zaman in C:\Users\Shahriar Zaman\Desktop\IntelliJ IDEA Codes\Main_Project\assignment_2\SuperShop_Enhanced)
2025-06-24 23:42:54 [main] INFO  c.e.S.SuperShopEnhancedApplication - No active profile set, falling back to 1 default profile: "default"
2025-06-24 23:42:55 [main] INFO  o.s.d.r.c.RepositoryConfigurationDelegate - Multiple Spring Data modules found, entering strict repository configuration mode
2025-06-24 23:42:55 [main] INFO  o.s.d.r.c.RepositoryConfigurationDelegate - Bootstrapping Spring Data JDBC repositories in DEFAULT mode.
2025-06-24 23:42:55 [main] INFO  o.s.d.r.c.RepositoryConfigurationExtensionSupport - Spring Data JDBC - Could not safely identify store assignment for repository candidate interface com.example.SuperShop_Enhanced.repository.CartRepository; If you want this repository to be a JDBC repository, consider annotating your entities with one of these annotations: org.springframework.data.relational.core.mapping.Table.
2025-06-24 23:42:55 [main] INFO  o.s.d.r.c.RepositoryConfigurationExtensionSupport - Spring Data JDBC - Could not safely identify store assignment for repository candidate interface com.example.SuperShop_Enhanced.repository.InvoiceRepository; If you want this repository to be a JDBC repository, consider annotating your entities with one of these annotations: org.springframework.data.relational.core.mapping.Table.
2025-06-24 23:42:55 [main] INFO  o.s.d.r.c.RepositoryConfigurationExtensionSupport - Spring Data JDBC - Could not safely identify store assignment for repository candidate interface com.example.SuperShop_Enhanced.repository.LogRepository; If you want this repository to be a JDBC repository, consider annotating your entities with one of these annotations: org.springframework.data.relational.core.mapping.Table.
2025-06-24 23:42:55 [main] INFO  o.s.d.r.c.RepositoryConfigurationExtensionSupport - Spring Data JDBC - Could not safely identify store assignment for repository candidate interface com.example.SuperShop_Enhanced.repository.OrderRepository; If you want this repository to be a JDBC repository, consider annotating your entities with one of these annotations: org.springframework.data.relational.core.mapping.Table.
2025-06-24 23:42:55 [main] INFO  o.s.d.r.c.RepositoryConfigurationExtensionSupport - Spring Data JDBC - Could not safely identify store assignment for repository candidate interface com.example.SuperShop_Enhanced.repository.UserRepository; If you want this repository to be a JDBC repository, consider annotating your entities with one of these annotations: org.springframework.data.relational.core.mapping.Table.
2025-06-24 23:42:55 [main] INFO  o.s.d.r.c.RepositoryConfigurationExtensionSupport - Spring Data JDBC - Could not safely identify store assignment for repository candidate interface com.example.SuperShop_Enhanced.repository.WishlistRepository; If you want this repository to be a JDBC repository, consider annotating your entities with one of these annotations: org.springframework.data.relational.core.mapping.Table.
2025-06-24 23:42:55 [main] INFO  o.s.d.r.c.RepositoryConfigurationDelegate - Finished Spring Data repository scanning in 30 ms. Found 0 JDBC repository interfaces.
2025-06-24 23:42:55 [main] INFO  o.s.d.r.c.RepositoryConfigurationDelegate - Multiple Spring Data modules found, entering strict repository configuration mode
2025-06-24 23:42:55 [main] INFO  o.s.d.r.c.RepositoryConfigurationDelegate - Bootstrapping Spring Data JPA repositories in DEFAULT mode.
2025-06-24 23:42:55 [main] INFO  o.s.d.r.c.RepositoryConfigurationDelegate - Finished Spring Data repository scanning in 25 ms. Found 6 JPA repository interfaces.
2025-06-24 23:42:56 [main] INFO  o.s.b.w.e.tomcat.TomcatWebServer - Tomcat initialized with port 8080 (http)
2025-06-24 23:42:56 [main] INFO  o.a.coyote.http11.Http11NioProtocol - Initializing ProtocolHandler ["http-nio-8080"]
2025-06-24 23:42:56 [main] INFO  o.a.catalina.core.StandardService - Starting service [Tomcat]
2025-06-24 23:42:56 [main] INFO  o.a.catalina.core.StandardEngine - Starting Servlet engine: [Apache Tomcat/10.1.41]
2025-06-24 23:42:56 [main] INFO  o.a.c.c.C.[Tomcat].[localhost].[/] - Initializing Spring embedded WebApplicationContext
2025-06-24 23:42:56 [main] INFO  o.s.b.w.s.c.ServletWebServerApplicationContext - Root WebApplicationContext: initialization completed in 1376 ms
2025-06-24 23:42:56 [main] INFO  o.h.jpa.internal.util.LogHelper - HHH000204: Processing PersistenceUnitInfo [name: default]
2025-06-24 23:42:56 [main] INFO  org.hibernate.Version - HHH000412: Hibernate ORM core version 6.6.15.Final
2025-06-24 23:42:56 [main] INFO  o.h.c.i.RegionFactoryInitiator - HHH000026: Second-level cache disabled
2025-06-24 23:42:56 [main] INFO  o.s.o.j.p.SpringPersistenceUnitInfo - No LoadTimeWeaver setup: ignoring JPA class transformer
2025-06-24 23:42:56 [main] INFO  com.zaxxer.hikari.HikariDataSource - HikariPool-1 - Starting...
2025-06-24 23:42:56 [main] INFO  com.zaxxer.hikari.pool.HikariPool - HikariPool-1 - Added connection org.postgresql.jdbc.PgConnection@4f4d05b3
2025-06-24 23:42:56 [main] INFO  com.zaxxer.hikari.HikariDataSource - HikariPool-1 - Start completed.
2025-06-24 23:42:56 [main] INFO  o.hibernate.orm.connections.pooling - HHH10001005: Database info:
	Database JDBC URL [Connecting through datasource 'HikariDataSource (HikariPool-1)']
	Database driver: undefined/unknown
	Database version: 17.4
	Autocommit mode: undefined/unknown
	Isolation level: undefined/unknown
	Minimum pool size: undefined/unknown
	Maximum pool size: undefined/unknown
2025-06-24 23:42:57 [main] INFO  o.h.e.t.j.p.i.JtaPlatformInitiator - HHH000489: No JTA platform available (set 'hibernate.transaction.jta.platform' to enable JTA platform integration)
2025-06-24 23:42:58 [main] INFO  o.s.o.j.LocalContainerEntityManagerFactoryBean - Initialized JPA EntityManagerFactory for persistence unit 'default'
2025-06-24 23:42:58 [main] INFO  o.s.s.c.a.a.c.InitializeUserDetailsBeanManagerConfigurer$InitializeUserDetailsManagerConfigurer - Global AuthenticationManager configured with UserDetailsService bean with name customUserDetailsService
2025-06-24 23:42:58 [main] WARN  o.s.b.a.o.j.JpaBaseConfiguration$JpaWebConfiguration - spring.jpa.open-in-view is enabled by default. Therefore, database queries may be performed during view rendering. Explicitly configure spring.jpa.open-in-view to disable this warning
2025-06-24 23:42:59 [main] INFO  o.a.coyote.http11.Http11NioProtocol - Starting ProtocolHandler ["http-nio-8080"]
2025-06-24 23:42:59 [main] INFO  o.s.b.w.e.tomcat.TomcatWebServer - Tomcat started on port 8080 (http) with context path '/'
2025-06-24 23:42:59 [main] INFO  c.e.S.SuperShopEnhancedApplication - Started SuperShopEnhancedApplication in 5.02 seconds (process running for 5.582)
2025-06-24 23:43:25 [http-nio-8080-exec-1] INFO  o.a.c.c.C.[Tomcat].[localhost].[/] - Initializing Spring DispatcherServlet 'dispatcherServlet'
2025-06-24 23:43:25 [http-nio-8080-exec-1] INFO  o.s.web.servlet.DispatcherServlet - Initializing Servlet 'dispatcherServlet'
2025-06-24 23:43:25 [http-nio-8080-exec-1] INFO  o.s.web.servlet.DispatcherServlet - Completed initialization in 1 ms
2025-06-24 23:43:25 [http-nio-8080-exec-1] INFO  c.e.S.aspect.LoggingAspect - User: anonymousUser, Accessed Method: AuthApi.createAuthenticationToken(..), Timestamp: 2025-06-24T23:43:25.1937107
2025-06-24 23:43:25 [http-nio-8080-exec-1] INFO  c.e.S.aspect.LoggingAspect - User: anonymousUser, Accessed Method: CustomUserDetailsService.loadUserByUsername(..), Timestamp: 2025-06-24T23:43:25.299079
2025-06-24 23:43:25 [http-nio-8080-exec-1] INFO  c.e.S.aspect.LoggingAspect - User: anonymousUser, Accessed Method: UserRepository.findByEmail(..), Timestamp: 2025-06-24T23:43:25.3000786
2025-06-24 23:43:25 [http-nio-8080-exec-1] INFO  c.e.S.aspect.LoggingAspect - User: anonymousUser, Accessed Method: CustomUserDetailsService.loadUserByUsername(..), Timestamp: 2025-06-24T23:43:25.580023
2025-06-24 23:43:25 [http-nio-8080-exec-1] INFO  c.e.S.aspect.LoggingAspect - User: anonymousUser, Accessed Method: UserRepository.findByEmail(..), Timestamp: 2025-06-24T23:43:25.580023
2025-06-24 23:43:38 [http-nio-8080-exec-4] INFO  c.e.S.aspect.LoggingAspect - User: Anonymous, Accessed Method: CustomUserDetailsService.loadUserByUsername(..), Timestamp: 2025-06-24T23:43:38.5419883
2025-06-24 23:43:38 [http-nio-8080-exec-4] INFO  c.e.S.aspect.LoggingAspect - User: Anonymous, Accessed Method: UserRepository.findByEmail(..), Timestamp: 2025-06-24T23:43:38.5419883
2025-06-24 23:43:38 [http-nio-8080-exec-4] INFO  c.e.S.aspect.LoggingAspect - User: john.doe65@example.com, Accessed Method: ProductApi.getAllProducts(), Timestamp: 2025-06-24T23:43:38.5899963
2025-06-24 23:43:38 [http-nio-8080-exec-4] INFO  c.e.S.aspect.LoggingAspect - User: john.doe65@example.com, Accessed Method: ProductService.getAllProducts(), Timestamp: 2025-06-24T23:43:38.5899963
2025-06-24 23:43:38 [http-nio-8080-exec-4] INFO  c.e.S.aspect.LoggingAspect - User: john.doe65@example.com, Accessed Method: ProductRepository.showAllProducts(), Timestamp: 2025-06-24T23:43:38.590938
